<?xml version="1.0" encoding="UTF-8"?>
<coverage generated="1789063924280" clover="3.2.0">
  <project timestamp="1789063924280" name="All files">
    <metrics statements="40" coveredstatements="34" conditionals="10" coveredconditionals="4" methods="10" coveredmethods="9" elements="60" coveredelements="47" complexity="0" loc="40" ncloc="40" packages="6" files="6" classes="6"/>
    <package name="activities.repository">
      <metrics statements="5" coveredstatements="5" conditionals="0" coveredconditionals="0" methods="2" coveredmethods="2"/>
      <file name="activitiesRepo.ts" path="D:\WorkBook\2415705storeops\src\activities\repository\activitiesRepo.ts">
        <metrics statements="5" coveredstatements="5" conditionals="0" coveredconditionals="0" methods="2" coveredmethods="2"/>
        <line num="1" count="1" type="stmt"/>
        <line num="3" count="1" type="stmt"/>
        <line num="5" count="1" type="stmt"/>
        <line num="8" count="1" type="stmt"/>
        <line num="9" count="1" type="stmt"/>
      </file>
    </package>
    <package name="activities.routes">
      <metrics statements="12" coveredstatements="11" conditionals="2" coveredconditionals="0" methods="2" coveredmethods="2"/>
      <file name="activitiesRoutes.ts" path="D:\WorkBook\2415705storeops\src\activities\routes\activitiesRoutes.ts">
        <metrics statements="12" coveredstatements="11" conditionals="2" coveredconditionals="0" methods="2" coveredmethods="2"/>
        <line num="1" count="1" type="stmt"/>
        <line num="2" count="1" type="stmt"/>
        <line num="4" count="1" type="stmt"/>
        <line num="6" count="1" type="stmt"/>
        <line num="7" count="1" type="stmt"/>
        <line num="8" count="1" type="stmt"/>
        <line num="11" count="1" type="stmt"/>
        <line num="12" count="1" type="stmt"/>
        <line num="13" count="1" type="stmt"/>
        <line num="14" count="1" type="stmt"/>
        <line num="16" count="0" type="cond" truecount="0" falsecount="2"/>
        <line num="20" count="1" type="stmt"/>
      </file>
    </package>
    <package name="activities.service">
      <metrics statements="8" coveredstatements="7" conditionals="2" coveredconditionals="1" methods="2" coveredmethods="2"/>
      <file name="activitiesService.ts" path="D:\WorkBook\2415705storeops\src\activities\service\activitiesService.ts">
        <metrics statements="8" coveredstatements="7" conditionals="2" coveredconditionals="1" methods="2" coveredmethods="2"/>
        <line num="1" count="1" type="stmt"/>
        <line num="2" count="1" type="stmt"/>
        <line num="4" count="1" type="stmt"/>
        <line num="5" count="1" type="stmt"/>
        <line num="8" count="1" type="stmt"/>
        <line num="9" count="1" type="cond" truecount="1" falsecount="1"/>
        <line num="10" count="0" type="stmt"/>
        <line num="12" count="1" type="stmt"/>
      </file>
    </package>
    <package name="inventory.infrastructure">
      <metrics statements="4" coveredstatements="4" conditionals="4" coveredconditionals="2" methods="2" coveredmethods="2"/>
      <file name="repo.ts" path="D:\WorkBook\2415705storeops\src\inventory\infrastructure\repo.ts">
        <metrics statements="4" coveredstatements="4" conditionals="4" coveredconditionals="2" methods="2" coveredmethods="2"/>
        <line num="1" count="1" type="stmt"/>
        <line num="3" count="1" type="stmt"/>
        <line num="5" count="3" type="cond" truecount="1" falsecount="1"/>
        <line num="8" count="1" type="cond" truecount="1" falsecount="1"/>
      </file>
    </package>
    <package name="orders.application">
      <metrics statements="7" coveredstatements="6" conditionals="2" coveredconditionals="1" methods="1" coveredmethods="1"/>
      <file name="placeOrder.ts" path="D:\WorkBook\2415705storeops\src\orders\application\placeOrder.ts">
        <metrics statements="7" coveredstatements="6" conditionals="2" coveredconditionals="1" methods="1" coveredmethods="1"/>
        <line num="1" count="1" type="stmt"/>
        <line num="3" count="1" type="stmt"/>
        <line num="4" count="1" type="stmt"/>
        <line num="5" count="1" type="cond" truecount="1" falsecount="1"/>
        <line num="6" count="0" type="stmt"/>
        <line num="8" count="1" type="stmt"/>
        <line num="9" count="1" type="stmt"/>
      </file>
    </package>
    <package name="shared">
      <metrics statements="4" coveredstatements="1" conditionals="0" coveredconditionals="0" methods="1" coveredmethods="0"/>
      <file name="errors.ts" path="D:\WorkBook\2415705storeops\src\shared\errors.ts">
        <metrics statements="4" coveredstatements="1" conditionals="0" coveredconditionals="0" methods="1" coveredmethods="0"/>
        <line num="1" count="1" type="stmt"/>
        <line num="6" count="0" type="stmt"/>
        <line num="7" count="0" type="stmt"/>
        <line num="8" count="0" type="stmt"/>
      </file>
    </package>
  </project>
</coverage>
