{"D:\\WorkBook\\2415705storeops\\src\\inventory\\infrastructure\\repo.ts": {"path":"D:\\WorkBook\\2415705storeops\\src\\inventory\\infrastructure\\repo.ts","statementMap":{"0":{"start":{"line":1,"column":42},"end":{"line":1,"column":60}},"1":{"start":{"line":3,"column":13},"end":{"line":10,"column":2}},"2":{"start":{"line":5,"column":4},"end":{"line":5,"column":34}},"3":{"start":{"line":8,"column":4},"end":{"line":8,"column":55}}},"fnMap":{"0":{"name":"(anonymous_0)","decl":{"start":{"line":4,"column":2},"end":{"line":4,"column":7}},"loc":{"start":{"line":4,"column":31},"end":{"line":6,"column":3}}},"1":{"name":"(anonymous_1)","decl":{"start":{"line":7,"column":2},"end":{"line":7,"column":7}},"loc":{"start":{"line":7,"column":50},"end":{"line":9,"column":3}}}},"branchMap":{"0":{"loc":{"start":{"line":5,"column":11},"end":{"line":5,"column":33}},"type":"binary-expr","locations":[{"start":{"line":5,"column":11},"end":{"line":5,"column":28}},{"start":{"line":5,"column":32},"end":{"line":5,"column":33}}]},"1":{"loc":{"start":{"line":8,"column":25},"end":{"line":8,"column":47}},"type":"binary-expr","locations":[{"start":{"line":8,"column":25},"end":{"line":8,"column":42}},{"start":{"line":8,"column":46},"end":{"line":8,"column":47}}]}},"s":{"0":1,"1":1,"2":3,"3":1},"f":{"0":3,"1":1},"b":{"0":[3,0],"1":[1,0]}}
,"D:\\WorkBook\\2415705storeops\\src\\orders\\application\\placeOrder.ts": {"path":"D:\\WorkBook\\2415705storeops\\src\\orders\\application\\placeOrder.ts","statementMap":{"0":{"start":{"line":1,"column":0},"end":{"line":1,"column":68}},"1":{"start":{"line":4,"column":16},"end":{"line":4,"column":52}},"2":{"start":{"line":5,"column":2},"end":{"line":7,"column":3}},"3":{"start":{"line":6,"column":4},"end":{"line":6,"column":58}},"4":{"start":{"line":8,"column":2},"end":{"line":8,"column":50}},"5":{"start":{"line":9,"column":2},"end":{"line":9,"column":70}},"6":{"start":{"line":3,"column":0},"end":{"line":3,"column":7}}},"fnMap":{"0":{"name":"placeOrder","decl":{"start":{"line":3,"column":22},"end":{"line":3,"column":32}},"loc":{"start":{"line":3,"column":81},"end":{"line":10,"column":1}}}},"branchMap":{"0":{"loc":{"start":{"line":5,"column":2},"end":{"line":7,"column":3}},"type":"if","locations":[{"start":{"line":5,"column":2},"end":{"line":7,"column":3}},{"start":{},"end":{}}]}},"s":{"0":1,"1":1,"2":1,"3":0,"4":1,"5":1,"6":1},"f":{"0":1},"b":{"0":[0,1]}}
}
