{"D:\\WorkBook\\2415705storeops\\src\\activities\\repository\\activitiesRepo.ts": {"path":"D:\\WorkBook\\2415705storeops\\src\\activities\\repository\\activitiesRepo.ts","statementMap":{"0":{"start":{"line":1,"column":26},"end":{"line":1,"column":28}},"1":{"start":{"line":3,"column":13},"end":{"line":11,"column":2}},"2":{"start":{"line":5,"column":4},"end":{"line":5,"column":22}},"3":{"start":{"line":8,"column":4},"end":{"line":8,"column":30}},"4":{"start":{"line":9,"column":4},"end":{"line":9,"column":20}}},"fnMap":{"0":{"name":"(anonymous_0)","decl":{"start":{"line":4,"column":2},"end":{"line":4,"column":7}},"loc":{"start":{"line":4,"column":12},"end":{"line":6,"column":3}}},"1":{"name":"(anonymous_1)","decl":{"start":{"line":7,"column":2},"end":{"line":7,"column":7}},"loc":{"start":{"line":7,"column":25},"end":{"line":10,"column":3}}}},"branchMap":{},"s":{"0":1,"1":1,"2":1,"3":1,"4":1},"f":{"0":1,"1":1},"b":{}}
,"D:\\WorkBook\\2415705storeops\\src\\activities\\routes\\activitiesRoutes.ts": {"path":"D:\\WorkBook\\2415705storeops\\src\\activities\\routes\\activitiesRoutes.ts","statementMap":{"0":{"start":{"line":1,"column":0},"end":{"line":1,"column":33}},"1":{"start":{"line":2,"column":0},"end":{"line":2,"column":77}},"2":{"start":{"line":4,"column":15},"end":{"line":4,"column":23}},"3":{"start":{"line":6,"column":0},"end":{"line":9,"column":3}},"4":{"start":{"line":7,"column":15},"end":{"line":7,"column":36}},"5":{"start":{"line":8,"column":2},"end":{"line":8,"column":17}},"6":{"start":{"line":11,"column":0},"end":{"line":18,"column":3}},"7":{"start":{"line":12,"column":2},"end":{"line":17,"column":3}},"8":{"start":{"line":13,"column":21},"end":{"line":13,"column":51}},"9":{"start":{"line":14,"column":4},"end":{"line":14,"column":35}},"10":{"start":{"line":16,"column":4},"end":{"line":16,"column":67}},"11":{"start":{"line":20,"column":0},"end":{"line":20,"column":22}}},"fnMap":{"0":{"name":"(anonymous_0)","decl":{"start":{"line":6,"column":16},"end":{"line":6,"column":21}},"loc":{"start":{"line":6,"column":36},"end":{"line":9,"column":1}}},"1":{"name":"(anonymous_1)","decl":{"start":{"line":11,"column":17},"end":{"line":11,"column":22}},"loc":{"start":{"line":11,"column":36},"end":{"line":18,"column":1}}}},"branchMap":{"0":{"loc":{"start":{"line":16,"column":15},"end":{"line":16,"column":36}},"type":"binary-expr","locations":[{"start":{"line":16,"column":15},"end":{"line":16,"column":29}},{"start":{"line":16,"column":33},"end":{"line":16,"column":36}}]}},"s":{"0":1,"1":1,"2":1,"3":1,"4":1,"5":1,"6":1,"7":1,"8":1,"9":1,"10":0,"11":1},"f":{"0":1,"1":1},"b":{"0":[0,0]}}
,"D:\\WorkBook\\2415705storeops\\src\\activities\\service\\activitiesService.ts": {"path":"D:\\WorkBook\\2415705storeops\\src\\activities\\service\\activitiesService.ts","statementMap":{"0":{"start":{"line":1,"column":0},"end":{"line":1,"column":62}},"1":{"start":{"line":2,"column":0},"end":{"line":2,"column":47}},"2":{"start":{"line":5,"column":2},"end":{"line":5,"column":31}},"3":{"start":{"line":4,"column":0},"end":{"line":4,"column":7}},"4":{"start":{"line":9,"column":2},"end":{"line":11,"column":3}},"5":{"start":{"line":10,"column":4},"end":{"line":10,"column":74}},"6":{"start":{"line":12,"column":2},"end":{"line":12,"column":38}},"7":{"start":{"line":8,"column":0},"end":{"line":8,"column":7}}},"fnMap":{"0":{"name":"getActivities","decl":{"start":{"line":4,"column":22},"end":{"line":4,"column":35}},"loc":{"start":{"line":4,"column":35},"end":{"line":6,"column":1}}},"1":{"name":"createActivity","decl":{"start":{"line":8,"column":22},"end":{"line":8,"column":36}},"loc":{"start":{"line":8,"column":50},"end":{"line":13,"column":1}}}},"branchMap":{"0":{"loc":{"start":{"line":9,"column":2},"end":{"line":11,"column":3}},"type":"if","locations":[{"start":{"line":9,"column":2},"end":{"line":11,"column":3}},{"start":{},"end":{}}]}},"s":{"0":1,"1":1,"2":1,"3":1,"4":1,"5":0,"6":1,"7":1},"f":{"0":1,"1":1},"b":{"0":[0,1]}}
,"D:\\WorkBook\\2415705storeops\\src\\inventory\\infrastructure\\repo.ts": {"path":"D:\\WorkBook\\2415705storeops\\src\\inventory\\infrastructure\\repo.ts","statementMap":{"0":{"start":{"line":1,"column":42},"end":{"line":1,"column":60}},"1":{"start":{"line":3,"column":13},"end":{"line":10,"column":2}},"2":{"start":{"line":5,"column":4},"end":{"line":5,"column":34}},"3":{"start":{"line":8,"column":4},"end":{"line":8,"column":55}}},"fnMap":{"0":{"name":"(anonymous_0)","decl":{"start":{"line":4,"column":2},"end":{"line":4,"column":7}},"loc":{"start":{"line":4,"column":31},"end":{"line":6,"column":3}}},"1":{"name":"(anonymous_1)","decl":{"start":{"line":7,"column":2},"end":{"line":7,"column":7}},"loc":{"start":{"line":7,"column":50},"end":{"line":9,"column":3}}}},"branchMap":{"0":{"loc":{"start":{"line":5,"column":11},"end":{"line":5,"column":33}},"type":"binary-expr","locations":[{"start":{"line":5,"column":11},"end":{"line":5,"column":28}},{"start":{"line":5,"column":32},"end":{"line":5,"column":33}}]},"1":{"loc":{"start":{"line":8,"column":25},"end":{"line":8,"column":47}},"type":"binary-expr","locations":[{"start":{"line":8,"column":25},"end":{"line":8,"column":42}},{"start":{"line":8,"column":46},"end":{"line":8,"column":47}}]}},"s":{"0":1,"1":1,"2":3,"3":1},"f":{"0":3,"1":1},"b":{"0":[3,0],"1":[1,0]}}
,"D:\\WorkBook\\2415705storeops\\src\\orders\\application\\placeOrder.ts": {"path":"D:\\WorkBook\\2415705storeops\\src\\orders\\application\\placeOrder.ts","statementMap":{"0":{"start":{"line":1,"column":0},"end":{"line":1,"column":68}},"1":{"start":{"line":4,"column":16},"end":{"line":4,"column":52}},"2":{"start":{"line":5,"column":2},"end":{"line":7,"column":3}},"3":{"start":{"line":6,"column":4},"end":{"line":6,"column":58}},"4":{"start":{"line":8,"column":2},"end":{"line":8,"column":50}},"5":{"start":{"line":9,"column":2},"end":{"line":9,"column":70}},"6":{"start":{"line":3,"column":0},"end":{"line":3,"column":7}}},"fnMap":{"0":{"name":"placeOrder","decl":{"start":{"line":3,"column":22},"end":{"line":3,"column":32}},"loc":{"start":{"line":3,"column":81},"end":{"line":10,"column":1}}}},"branchMap":{"0":{"loc":{"start":{"line":5,"column":2},"end":{"line":7,"column":3}},"type":"if","locations":[{"start":{"line":5,"column":2},"end":{"line":7,"column":3}},{"start":{},"end":{}}]}},"s":{"0":1,"1":1,"2":1,"3":0,"4":1,"5":1,"6":1},"f":{"0":1},"b":{"0":[0,1]}}
,"D:\\WorkBook\\2415705storeops\\src\\shared\\errors.ts": {"path":"D:\\WorkBook\\2415705storeops\\src\\shared\\errors.ts","statementMap":{"0":{"start":{"line":6,"column":4},"end":{"line":6,"column":19}},"1":{"start":{"line":7,"column":4},"end":{"line":7,"column":21}},"2":{"start":{"line":8,"column":4},"end":{"line":8,"column":33}},"3":{"start":{"line":1,"column":0},"end":{"line":1,"column":13}}},"fnMap":{"0":{"name":"(anonymous_0)","decl":{"start":{"line":5,"column":2},"end":{"line":5,"column":14}},"loc":{"start":{"line":5,"column":63},"end":{"line":9,"column":3}}}},"branchMap":{},"s":{"0":0,"1":0,"2":0,"3":1},"f":{"0":0},"b":{}}
}
